<?xml version="1.0" encoding="UTF-8"?>
<testsuite xmlns:xsi="http://www.w3.org/2001/XMLSchema-instance" xsi:noNamespaceSchemaLocation="https://maven.apache.org/surefire/maven-surefire-plugin/xsd/surefire-test-report-3.0.xsd" version="3.0" name="TestSuite" time="81.296" tests="1" errors="0" skipped="0" failures="0">
  <properties>
    <property name="sun.desktop" value="windows"/>
    <property name="awt.toolkit" value="sun.awt.windows.WToolkit"/>
    <property name="java.specification.version" value="11"/>
    <property name="sun.cpu.isalist" value="amd64"/>
    <property name="sun.jnu.encoding" value="Cp1252"/>
    <property name="java.class.path" value="D:\Automation\SVIS\SVIS\target\test-classes;D:\Automation\SVIS\SVIS\target\classes;C:\Users\DELL\.m2\repository\io\github\bonigarcia\webdrivermanager\5.3.0\webdrivermanager-5.3.0.jar;C:\Users\DELL\.m2\repository\org\slf4j\slf4j-api\1.7.36\slf4j-api-1.7.36.jar;C:\Users\DELL\.m2\repository\com\google\code\gson\gson\2.9.1\gson-2.9.1.jar;C:\Users\DELL\.m2\repository\com\github\docker-java\docker-java\3.2.13\docker-java-3.2.13.jar;C:\Users\DELL\.m2\repository\com\github\docker-java\docker-java-core\3.2.13\docker-java-core-3.2.13.jar;C:\Users\DELL\.m2\repository\com\github\docker-java\docker-java-api\3.2.13\docker-java-api-3.2.13.jar;C:\Users\DELL\.m2\repository\commons-io\commons-io\2.6\commons-io-2.6.jar;C:\Users\DELL\.m2\repository\org\bouncycastle\bcpkix-jdk15on\1.64\bcpkix-jdk15on-1.64.jar;C:\Users\DELL\.m2\repository\org\bouncycastle\bcprov-jdk15on\1.64\bcprov-jdk15on-1.64.jar;C:\Users\DELL\.m2\repository\org\slf4j\jcl-over-slf4j\1.7.30\jcl-over-slf4j-1.7.30.jar;C:\Users\DELL\.m2\repository\com\github\docker-java\docker-java-transport-httpclient5\3.2.13\docker-java-transport-httpclient5-3.2.13.jar;C:\Users\DELL\.m2\repository\com\github\docker-java\docker-java-transport\3.2.13\docker-java-transport-3.2.13.jar;C:\Users\DELL\.m2\repository\net\java\dev\jna\jna\5.8.0\jna-5.8.0.jar;C:\Users\DELL\.m2\repository\org\brotli\dec\0.1.2\dec-0.1.2.jar;C:\Users\DELL\.m2\repository\org\apache\commons\commons-lang3\3.12.0\commons-lang3-3.12.0.jar;C:\Users\DELL\.m2\repository\org\apache\httpcomponents\client5\httpclient5\5.1.3\httpclient5-5.1.3.jar;C:\Users\DELL\.m2\repository\org\apache\httpcomponents\core5\httpcore5\5.1.3\httpcore5-5.1.3.jar;C:\Users\DELL\.m2\repository\org\apache\httpcomponents\core5\httpcore5-h2\5.1.3\httpcore5-h2-5.1.3.jar;C:\Users\DELL\.m2\repository\commons-codec\commons-codec\1.15\commons-codec-1.15.jar;C:\Users\DELL\.m2\repository\io\cucumber\cucumber-core\6.2.0\cucumber-core-6.2.0.jar;C:\Users\DELL\.m2\repository\io\cucumber\cucumber-gherkin\6.2.0\cucumber-gherkin-6.2.0.jar;C:\Users\DELL\.m2\repository\io\cucumber\cucumber-gherkin-messages\6.2.0\cucumber-gherkin-messages-6.2.0.jar;C:\Users\DELL\.m2\repository\io\cucumber\messages\12.2.0\messages-12.2.0.jar;C:\Users\DELL\.m2\repository\io\cucumber\tag-expressions\3.0.0\tag-expressions-3.0.0.jar;C:\Users\DELL\.m2\repository\io\cucumber\cucumber-expressions\10.2.1\cucumber-expressions-10.2.1.jar;C:\Users\DELL\.m2\repository\io\cucumber\datatable\3.3.1\datatable-3.3.1.jar;C:\Users\DELL\.m2\repository\io\cucumber\cucumber-plugin\6.2.0\cucumber-plugin-6.2.0.jar;C:\Users\DELL\.m2\repository\io\cucumber\docstring\6.2.0\docstring-6.2.0.jar;C:\Users\DELL\.m2\repository\io\cucumber\html-formatter\7.0.0\html-formatter-7.0.0.jar;C:\Users\DELL\.m2\repository\org\apiguardian\apiguardian-api\1.1.0\apiguardian-api-1.1.0.jar;C:\Users\DELL\.m2\repository\io\cucumber\cucumber-java\6.2.0\cucumber-java-6.2.0.jar;C:\Users\DELL\.m2\repository\io\cucumber\gherkin\14.0.1\gherkin-14.0.1.jar;C:\Users\DELL\.m2\repository\io\cucumber\cucumber-testng\6.2.0\cucumber-testng-6.2.0.jar;C:\Users\DELL\.m2\repository\org\seleniumhq\selenium\selenium-java\3.141.59\selenium-java-3.141.59.jar;C:\Users\DELL\.m2\repository\org\seleniumhq\selenium\selenium-api\3.141.59\selenium-api-3.141.59.jar;C:\Users\DELL\.m2\repository\org\seleniumhq\selenium\selenium-chrome-driver\3.141.59\selenium-chrome-driver-3.141.59.jar;C:\Users\DELL\.m2\repository\org\seleniumhq\selenium\selenium-edge-driver\3.141.59\selenium-edge-driver-3.141.59.jar;C:\Users\DELL\.m2\repository\org\seleniumhq\selenium\selenium-firefox-driver\3.141.59\selenium-firefox-driver-3.141.59.jar;C:\Users\DELL\.m2\repository\org\seleniumhq\selenium\selenium-ie-driver\3.141.59\selenium-ie-driver-3.141.59.jar;C:\Users\DELL\.m2\repository\org\seleniumhq\selenium\selenium-opera-driver\3.141.59\selenium-opera-driver-3.141.59.jar;C:\Users\DELL\.m2\repository\org\seleniumhq\selenium\selenium-remote-driver\3.141.59\selenium-remote-driver-3.141.59.jar;C:\Users\DELL\.m2\repository\org\seleniumhq\selenium\selenium-safari-driver\3.141.59\selenium-safari-driver-3.141.59.jar;C:\Users\DELL\.m2\repository\org\seleniumhq\selenium\selenium-support\3.141.59\selenium-support-3.141.59.jar;C:\Users\DELL\.m2\repository\net\bytebuddy\byte-buddy\1.8.15\byte-buddy-1.8.15.jar;C:\Users\DELL\.m2\repository\org\apache\commons\commons-exec\1.3\commons-exec-1.3.jar;C:\Users\DELL\.m2\repository\com\google\guava\guava\25.0-jre\guava-25.0-jre.jar;C:\Users\DELL\.m2\repository\com\google\code\findbugs\jsr305\1.3.9\jsr305-1.3.9.jar;C:\Users\DELL\.m2\repository\org\checkerframework\checker-compat-qual\2.0.0\checker-compat-qual-2.0.0.jar;C:\Users\DELL\.m2\repository\com\google\errorprone\error_prone_annotations\2.1.3\error_prone_annotations-2.1.3.jar;C:\Users\DELL\.m2\repository\com\google\j2objc\j2objc-annotations\1.1\j2objc-annotations-1.1.jar;C:\Users\DELL\.m2\repository\org\codehaus\mojo\animal-sniffer-annotations\1.14\animal-sniffer-annotations-1.14.jar;C:\Users\DELL\.m2\repository\com\squareup\okhttp3\okhttp\3.11.0\okhttp-3.11.0.jar;C:\Users\DELL\.m2\repository\com\squareup\okio\okio\1.14.0\okio-1.14.0.jar;C:\Users\DELL\.m2\repository\org\testng\testng\6.14.3\testng-6.14.3.jar;C:\Users\DELL\.m2\repository\com\beust\jcommander\1.72\jcommander-1.72.jar;C:\Users\DELL\.m2\repository\org\apache-extras\beanshell\bsh\2.0b6\bsh-2.0b6.jar;C:\Users\DELL\.m2\repository\org\apache\poi\poi-ooxml\4.0.1\poi-ooxml-4.0.1.jar;C:\Users\DELL\.m2\repository\org\apache\poi\poi\4.0.1\poi-4.0.1.jar;C:\Users\DELL\.m2\repository\org\apache\commons\commons-collections4\4.2\commons-collections4-4.2.jar;C:\Users\DELL\.m2\repository\org\apache\commons\commons-math3\3.6.1\commons-math3-3.6.1.jar;C:\Users\DELL\.m2\repository\org\apache\poi\poi-ooxml-schemas\4.0.1\poi-ooxml-schemas-4.0.1.jar;C:\Users\DELL\.m2\repository\org\apache\xmlbeans\xmlbeans\3.0.2\xmlbeans-3.0.2.jar;C:\Users\DELL\.m2\repository\org\apache\commons\commons-compress\1.18\commons-compress-1.18.jar;C:\Users\DELL\.m2\repository\com\github\virtuald\curvesapi\1.05\curvesapi-1.05.jar;C:\Users\DELL\.m2\repository\io\qameta\allure\allure-testng\2.10.0\allure-testng-2.10.0.jar;C:\Users\DELL\.m2\repository\io\qameta\allure\allure-java-commons\2.10.0\allure-java-commons-2.10.0.jar;C:\Users\DELL\.m2\repository\io\qameta\allure\allure-model\2.10.0\allure-model-2.10.0.jar;C:\Users\DELL\.m2\repository\com\fasterxml\jackson\core\jackson-databind\2.9.8\jackson-databind-2.9.8.jar;C:\Users\DELL\.m2\repository\com\fasterxml\jackson\core\jackson-annotations\2.9.0\jackson-annotations-2.9.0.jar;C:\Users\DELL\.m2\repository\com\fasterxml\jackson\core\jackson-core\2.9.8\jackson-core-2.9.8.jar;C:\Users\DELL\.m2\repository\org\apache\tika\tika-core\1.20\tika-core-1.20.jar;C:\Users\DELL\.m2\repository\org\jooq\joor-java-8\0.9.10\joor-java-8-0.9.10.jar;C:\Users\DELL\.m2\repository\org\postgresql\postgresql\42.2.14\postgresql-42.2.14.jar;C:\Users\DELL\.m2\repository\junit\junit\4.13.2\junit-4.13.2.jar;C:\Users\DELL\.m2\repository\org\hamcrest\hamcrest-core\1.3\hamcrest-core-1.3.jar;C:\Users\DELL\.m2\repository\com\github\javafaker\javafaker\1.0.2\javafaker-1.0.2.jar;C:\Users\DELL\.m2\repository\org\yaml\snakeyaml\1.23\snakeyaml-1.23-android.jar;C:\Users\DELL\.m2\repository\com\github\mifmif\generex\1.0.2\generex-1.0.2.jar;C:\Users\DELL\.m2\repository\dk\brics\automaton\automaton\1.11-8\automaton-1.11-8.jar;"/>
    <property name="java.vm.vendor" value="Oracle Corporation"/>
    <property name="sun.arch.data.model" value="64"/>
    <property name="user.variant" value=""/>
    <property name="java.vendor.url" value="http://java.oracle.com/"/>
    <property name="user.timezone" value="Africa/Cairo"/>
    <property name="java.vm.specification.version" value="11"/>
    <property name="os.name" value="Windows 10"/>
    <property name="sun.java.launcher" value="SUN_STANDARD"/>
    <property name="user.country" value="US"/>
    <property name="sun.boot.library.path" value="C:\Program Files\Java\jdk-11.0.1\bin"/>
    <property name="sun.java.command" value="C:\Users\DELL\AppData\Local\Temp\surefire5060845801689985150\surefirebooter10900552655871059823.jar C:\Users\DELL\AppData\Local\Temp\surefire5060845801689985150 2023-01-06T19-24-38_477-jvmRun1 surefire6862755577275003019tmp surefire_04499198001933228688tmp"/>
    <property name="jdk.debug" value="release"/>
    <property name="surefire.test.class.path" value="D:\Automation\SVIS\SVIS\target\test-classes;D:\Automation\SVIS\SVIS\target\classes;C:\Users\DELL\.m2\repository\io\github\bonigarcia\webdrivermanager\5.3.0\webdrivermanager-5.3.0.jar;C:\Users\DELL\.m2\repository\org\slf4j\slf4j-api\1.7.36\slf4j-api-1.7.36.jar;C:\Users\DELL\.m2\repository\com\google\code\gson\gson\2.9.1\gson-2.9.1.jar;C:\Users\DELL\.m2\repository\com\github\docker-java\docker-java\3.2.13\docker-java-3.2.13.jar;C:\Users\DELL\.m2\repository\com\github\docker-java\docker-java-core\3.2.13\docker-java-core-3.2.13.jar;C:\Users\DELL\.m2\repository\com\github\docker-java\docker-java-api\3.2.13\docker-java-api-3.2.13.jar;C:\Users\DELL\.m2\repository\commons-io\commons-io\2.6\commons-io-2.6.jar;C:\Users\DELL\.m2\repository\org\bouncycastle\bcpkix-jdk15on\1.64\bcpkix-jdk15on-1.64.jar;C:\Users\DELL\.m2\repository\org\bouncycastle\bcprov-jdk15on\1.64\bcprov-jdk15on-1.64.jar;C:\Users\DELL\.m2\repository\org\slf4j\jcl-over-slf4j\1.7.30\jcl-over-slf4j-1.7.30.jar;C:\Users\DELL\.m2\repository\com\github\docker-java\docker-java-transport-httpclient5\3.2.13\docker-java-transport-httpclient5-3.2.13.jar;C:\Users\DELL\.m2\repository\com\github\docker-java\docker-java-transport\3.2.13\docker-java-transport-3.2.13.jar;C:\Users\DELL\.m2\repository\net\java\dev\jna\jna\5.8.0\jna-5.8.0.jar;C:\Users\DELL\.m2\repository\org\brotli\dec\0.1.2\dec-0.1.2.jar;C:\Users\DELL\.m2\repository\org\apache\commons\commons-lang3\3.12.0\commons-lang3-3.12.0.jar;C:\Users\DELL\.m2\repository\org\apache\httpcomponents\client5\httpclient5\5.1.3\httpclient5-5.1.3.jar;C:\Users\DELL\.m2\repository\org\apache\httpcomponents\core5\httpcore5\5.1.3\httpcore5-5.1.3.jar;C:\Users\DELL\.m2\repository\org\apache\httpcomponents\core5\httpcore5-h2\5.1.3\httpcore5-h2-5.1.3.jar;C:\Users\DELL\.m2\repository\commons-codec\commons-codec\1.15\commons-codec-1.15.jar;C:\Users\DELL\.m2\repository\io\cucumber\cucumber-core\6.2.0\cucumber-core-6.2.0.jar;C:\Users\DELL\.m2\repository\io\cucumber\cucumber-gherkin\6.2.0\cucumber-gherkin-6.2.0.jar;C:\Users\DELL\.m2\repository\io\cucumber\cucumber-gherkin-messages\6.2.0\cucumber-gherkin-messages-6.2.0.jar;C:\Users\DELL\.m2\repository\io\cucumber\messages\12.2.0\messages-12.2.0.jar;C:\Users\DELL\.m2\repository\io\cucumber\tag-expressions\3.0.0\tag-expressions-3.0.0.jar;C:\Users\DELL\.m2\repository\io\cucumber\cucumber-expressions\10.2.1\cucumber-expressions-10.2.1.jar;C:\Users\DELL\.m2\repository\io\cucumber\datatable\3.3.1\datatable-3.3.1.jar;C:\Users\DELL\.m2\repository\io\cucumber\cucumber-plugin\6.2.0\cucumber-plugin-6.2.0.jar;C:\Users\DELL\.m2\repository\io\cucumber\docstring\6.2.0\docstring-6.2.0.jar;C:\Users\DELL\.m2\repository\io\cucumber\html-formatter\7.0.0\html-formatter-7.0.0.jar;C:\Users\DELL\.m2\repository\org\apiguardian\apiguardian-api\1.1.0\apiguardian-api-1.1.0.jar;C:\Users\DELL\.m2\repository\io\cucumber\cucumber-java\6.2.0\cucumber-java-6.2.0.jar;C:\Users\DELL\.m2\repository\io\cucumber\gherkin\14.0.1\gherkin-14.0.1.jar;C:\Users\DELL\.m2\repository\io\cucumber\cucumber-testng\6.2.0\cucumber-testng-6.2.0.jar;C:\Users\DELL\.m2\repository\org\seleniumhq\selenium\selenium-java\3.141.59\selenium-java-3.141.59.jar;C:\Users\DELL\.m2\repository\org\seleniumhq\selenium\selenium-api\3.141.59\selenium-api-3.141.59.jar;C:\Users\DELL\.m2\repository\org\seleniumhq\selenium\selenium-chrome-driver\3.141.59\selenium-chrome-driver-3.141.59.jar;C:\Users\DELL\.m2\repository\org\seleniumhq\selenium\selenium-edge-driver\3.141.59\selenium-edge-driver-3.141.59.jar;C:\Users\DELL\.m2\repository\org\seleniumhq\selenium\selenium-firefox-driver\3.141.59\selenium-firefox-driver-3.141.59.jar;C:\Users\DELL\.m2\repository\org\seleniumhq\selenium\selenium-ie-driver\3.141.59\selenium-ie-driver-3.141.59.jar;C:\Users\DELL\.m2\repository\org\seleniumhq\selenium\selenium-opera-driver\3.141.59\selenium-opera-driver-3.141.59.jar;C:\Users\DELL\.m2\repository\org\seleniumhq\selenium\selenium-remote-driver\3.141.59\selenium-remote-driver-3.141.59.jar;C:\Users\DELL\.m2\repository\org\seleniumhq\selenium\selenium-safari-driver\3.141.59\selenium-safari-driver-3.141.59.jar;C:\Users\DELL\.m2\repository\org\seleniumhq\selenium\selenium-support\3.141.59\selenium-support-3.141.59.jar;C:\Users\DELL\.m2\repository\net\bytebuddy\byte-buddy\1.8.15\byte-buddy-1.8.15.jar;C:\Users\DELL\.m2\repository\org\apache\commons\commons-exec\1.3\commons-exec-1.3.jar;C:\Users\DELL\.m2\repository\com\google\guava\guava\25.0-jre\guava-25.0-jre.jar;C:\Users\DELL\.m2\repository\com\google\code\findbugs\jsr305\1.3.9\jsr305-1.3.9.jar;C:\Users\DELL\.m2\repository\org\checkerframework\checker-compat-qual\2.0.0\checker-compat-qual-2.0.0.jar;C:\Users\DELL\.m2\repository\com\google\errorprone\error_prone_annotations\2.1.3\error_prone_annotations-2.1.3.jar;C:\Users\DELL\.m2\repository\com\google\j2objc\j2objc-annotations\1.1\j2objc-annotations-1.1.jar;C:\Users\DELL\.m2\repository\org\codehaus\mojo\animal-sniffer-annotations\1.14\animal-sniffer-annotations-1.14.jar;C:\Users\DELL\.m2\repository\com\squareup\okhttp3\okhttp\3.11.0\okhttp-3.11.0.jar;C:\Users\DELL\.m2\repository\com\squareup\okio\okio\1.14.0\okio-1.14.0.jar;C:\Users\DELL\.m2\repository\org\testng\testng\6.14.3\testng-6.14.3.jar;C:\Users\DELL\.m2\repository\com\beust\jcommander\1.72\jcommander-1.72.jar;C:\Users\DELL\.m2\repository\org\apache-extras\beanshell\bsh\2.0b6\bsh-2.0b6.jar;C:\Users\DELL\.m2\repository\org\apache\poi\poi-ooxml\4.0.1\poi-ooxml-4.0.1.jar;C:\Users\DELL\.m2\repository\org\apache\poi\poi\4.0.1\poi-4.0.1.jar;C:\Users\DELL\.m2\repository\org\apache\commons\commons-collections4\4.2\commons-collections4-4.2.jar;C:\Users\DELL\.m2\repository\org\apache\commons\commons-math3\3.6.1\commons-math3-3.6.1.jar;C:\Users\DELL\.m2\repository\org\apache\poi\poi-ooxml-schemas\4.0.1\poi-ooxml-schemas-4.0.1.jar;C:\Users\DELL\.m2\repository\org\apache\xmlbeans\xmlbeans\3.0.2\xmlbeans-3.0.2.jar;C:\Users\DELL\.m2\repository\org\apache\commons\commons-compress\1.18\commons-compress-1.18.jar;C:\Users\DELL\.m2\repository\com\github\virtuald\curvesapi\1.05\curvesapi-1.05.jar;C:\Users\DELL\.m2\repository\io\qameta\allure\allure-testng\2.10.0\allure-testng-2.10.0.jar;C:\Users\DELL\.m2\repository\io\qameta\allure\allure-java-commons\2.10.0\allure-java-commons-2.10.0.jar;C:\Users\DELL\.m2\repository\io\qameta\allure\allure-model\2.10.0\allure-model-2.10.0.jar;C:\Users\DELL\.m2\repository\com\fasterxml\jackson\core\jackson-databind\2.9.8\jackson-databind-2.9.8.jar;C:\Users\DELL\.m2\repository\com\fasterxml\jackson\core\jackson-annotations\2.9.0\jackson-annotations-2.9.0.jar;C:\Users\DELL\.m2\repository\com\fasterxml\jackson\core\jackson-core\2.9.8\jackson-core-2.9.8.jar;C:\Users\DELL\.m2\repository\org\apache\tika\tika-core\1.20\tika-core-1.20.jar;C:\Users\DELL\.m2\repository\org\jooq\joor-java-8\0.9.10\joor-java-8-0.9.10.jar;C:\Users\DELL\.m2\repository\org\postgresql\postgresql\42.2.14\postgresql-42.2.14.jar;C:\Users\DELL\.m2\repository\junit\junit\4.13.2\junit-4.13.2.jar;C:\Users\DELL\.m2\repository\org\hamcrest\hamcrest-core\1.3\hamcrest-core-1.3.jar;C:\Users\DELL\.m2\repository\com\github\javafaker\javafaker\1.0.2\javafaker-1.0.2.jar;C:\Users\DELL\.m2\repository\org\yaml\snakeyaml\1.23\snakeyaml-1.23-android.jar;C:\Users\DELL\.m2\repository\com\github\mifmif\generex\1.0.2\generex-1.0.2.jar;C:\Users\DELL\.m2\repository\dk\brics\automaton\automaton\1.11-8\automaton-1.11-8.jar;"/>
    <property name="sun.cpu.endian" value="little"/>
    <property name="user.home" value="C:\Users\DELL"/>
    <property name="user.language" value="en"/>
    <property name="java.specification.vendor" value="Oracle Corporation"/>
    <property name="java.version.date" value="2018-10-16"/>
    <property name="java.home" value="C:\Program Files\Java\jdk-11.0.1"/>
    <property name="file.separator" value="\"/>
    <property name="basedir" value="D:\Automation\SVIS\SVIS"/>
    <property name="java.vm.compressedOopsMode" value="Zero based"/>
    <property name="line.separator" value="&#10;"/>
    <property name="java.specification.name" value="Java Platform API Specification"/>
    <property name="java.vm.specification.vendor" value="Oracle Corporation"/>
    <property name="java.awt.graphicsenv" value="sun.awt.Win32GraphicsEnvironment"/>
    <property name="surefire.real.class.path" value="C:\Users\DELL\AppData\Local\Temp\surefire5060845801689985150\surefirebooter10900552655871059823.jar"/>
    <property name="user.script" value=""/>
    <property name="sun.management.compiler" value="HotSpot 64-Bit Tiered Compilers"/>
    <property name="java.runtime.version" value="11.0.1+13-LTS"/>
    <property name="user.name" value="DELL"/>
    <property name="path.separator" value=";"/>
    <property name="os.version" value="10.0"/>
    <property name="java.runtime.name" value="Java(TM) SE Runtime Environment"/>
    <property name="file.encoding" value="Cp1252"/>
    <property name="java.vm.name" value="Java HotSpot(TM) 64-Bit Server VM"/>
    <property name="java.vendor.version" value="18.9"/>
    <property name="localRepository" value="C:\Users\DELL\.m2\repository"/>
    <property name="java.vendor.url.bug" value="http://bugreport.java.com/bugreport/"/>
    <property name="java.io.tmpdir" value="C:\Users\DELL\AppData\Local\Temp\"/>
    <property name="java.version" value="11.0.1"/>
    <property name="user.dir" value="D:\Automation\SVIS\SVIS"/>
    <property name="os.arch" value="amd64"/>
    <property name="java.vm.specification.name" value="Java Virtual Machine Specification"/>
    <property name="java.awt.printerjob" value="sun.awt.windows.WPrinterJob"/>
    <property name="sun.os.patch.level" value=""/>
    <property name="java.library.path" value="C:\Program Files\Java\jdk-11.0.1\bin;C:\Windows\Sun\Java\bin;C:\Windows\system32;C:\Windows;C:\Program Files\Java\jdk-11.0.1\bin;C:\Users\DELL\AppData\Local\Android\Sdk\platforms\;C:\Users\DELL\AppData\Local\Android\Sdk\tools\bin;C:\Users\DELL\AppData\Local\Android\Sdk\platform-tools;C:\Users\DELL\AppData\Local\Android\Sdk\tools;C:\Program Files\nodejs\;C:\Program Files\nodejs\node_modules\npm\bin;C:\Program Files (x86)\Common Files\Oracle\Java\javapath;C:\Windows\system32;C:\Windows;C:\Windows\System32\Wbem;C:\Windows\System32\WindowsPowerShell\v1.0\;C:\Windows\System32\OpenSSH\;C:\Program Files (x86)\NVIDIA Corporation\PhysX\Common;C:\Program Files\NVIDIA Corporation\NVIDIA NvDLISR;C:\Program Files\Microsoft SQL Server\120\Tools\Binn\;C:\Program Files\Microsoft SQL Server\Client SDK\ODBC\110\Tools\Binn\;C:\Program Files (x86)\Microsoft SQL Server\120\Tools\Binn\;C:\Program Files\Microsoft SQL Server\120\DTS\Binn\;C:\Program Files (x86)\Microsoft SQL Server\120\Tools\Binn\ManagementStudio\;C:\Program Files (x86)\Microsoft SQL Server\120\DTS\Binn\;C:\Program Files (x86)\cmake-3.23.2-windows-x86_64\bin;C:\Program Files\Git\cmd;C:\Program Files (x86)\apache-maven-3.8.7\bin;C:\Program Files\Java\jdk-11.0.1\;C:\Users\DELL\AppData\Local\Microsoft\WindowsApps;C:\Users\DELL\AppData\Local\GitHubDesktop\bin;C:\Users\DELL\AppData\Roaming\npm;C:\Program Files\JetBrains\IntelliJ IDEA Community Edition 2022.1.1\bin;;;."/>
    <property name="java.vendor" value="Oracle Corporation"/>
    <property name="java.vm.info" value="mixed mode"/>
    <property name="java.vm.version" value="11.0.1+13-LTS"/>
    <property name="sun.io.unicode.encoding" value="UnicodeLittle"/>
    <property name="java.class.version" value="55.0"/>
  </properties>
  <testcase name="Dispatsh" classname="TestCase.DispatshTestcase" time="75.918"/>
</testsuite>