<?xml version="1.0" encoding="UTF-8"?>
<!-- Generated by org.testng.reporters.JUnitReportReporter -->
<testsuite hostname="DESKTOP-AMMQ47C" failures="0" tests="1" name="TestCase.DispatshTestcase" time="75.918" errors="0" timestamp="06 Jan 2023 17:26:02 GMT" skipped="0">
  <testcase classname="TestCase.DispatshTestcase" name="Dispatsh" time="75.918"/>
</testsuite> <!-- TestCase.DispatshTestcase -->
